0 info it worked if it ends with ok
1 verbose cli [ 'node', '/usr/local/bin/npm', 'run', 'serve' ]
2 info using npm@1.4.13
3 info using node@v0.10.28
4 verbose node symlink /usr/local/bin/node
5 verbose run-script [ 'preserve', 'serve', 'postserve' ]
6 info preserve VILA@0.0.0
7 info serve VILA@0.0.0
8 verbose unsafe-perm in lifecycle true
9 info VILA@0.0.0 Failed to exec serve script
10 error VILA@0.0.0 serve: `http-server -p 8080`
10 error Exit status 8
11 error Failed at the VILA@0.0.0 serve script.
11 error This is most likely a problem with the VILA package,
11 error not with npm itself.
11 error Tell the author that this fails on your system:
11 error     http-server -p 8080
11 error You can get their info via:
11 error     npm owner ls VILA
11 error There is likely additional logging output above.
12 error System Darwin 13.4.0
13 error command "node" "/usr/local/bin/npm" "run" "serve"
14 error cwd /Users/jceipek/Development/VILA
15 error node -v v0.10.28
16 error npm -v 1.4.13
17 error code ELIFECYCLE
18 verbose exit [ 1, true ]
